Running: /home/lp2917/14.7/ISE_DS/ISE/bin/lin64/unwrapped/fuse -intstyle ise -incremental -lib secureip -o /home/lp2917/14.7/ISE_DS/ass6/mux16x1_test_bench_isim_beh.exe -prj /home/lp2917/14.7/ISE_DS/ass6/mux16x1_test_bench_beh.prj work.mux16x1_test_bench 
ISim P.20131013 (signature 0xfbc00daa)
Number of CPUs detected in this system: 4
Turning on mult-threading, number of parallel sub-compilation jobs: 8 
Determining compilation order of HDL files
Parsing VHDL file "/home/lp2917/14.7/ISE_DS/ass6/mux4x1.vhd" into library work
Parsing VHDL file "/home/lp2917/14.7/ISE_DS/ass6/mux16x1b.vhd" into library work
Parsing VHDL file "/home/lp2917/14.7/ISE_DS/ass6/Multiplexer.vhd" into library work
Parsing VHDL file "/home/lp2917/14.7/ISE_DS/ass6/mux16x1_test_bench.vhd" into library work
Starting static elaboration
Completed static elaboration
Fuse Memory Usage: 83420 KB
Fuse CPU Usage: 1360 ms
Compiling package standard
Compiling package std_logic_1164
Compiling package multiplexer
Compiling architecture behavioral of entity mux4x1 [mux4x1_default]
Compiling architecture behavioral of entity mux16x1b [mux16x1b_default]
Compiling architecture behavior of entity mux16x1_test_bench
Time Resolution for simulation is 1ps.
Compiled 8 VHDL Units
Built simulation executable /home/lp2917/14.7/ISE_DS/ass6/mux16x1_test_bench_isim_beh.exe
Fuse Memory Usage: 651164 KB
Fuse CPU Usage: 1390 ms
GCC CPU Usage: 390 ms
