Running: /home/lp2917/14.7/ISE_DS/ISE/bin/lin64/unwrapped/fuse -intstyle ise -incremental -lib secureip -o /home/lp2917/14.7/ISE_DS/ass4/bcd_adder_test_bench_isim_beh.exe -prj /home/lp2917/14.7/ISE_DS/ass4/bcd_adder_test_bench_beh.prj work.bcd_adder_test_bench 
ISim P.20131013 (signature 0xfbc00daa)
Number of CPUs detected in this system: 4
Turning on mult-threading, number of parallel sub-compilation jobs: 8 
Determining compilation order of HDL files
Parsing VHDL file "/home/lp2917/14.7/ISE_DS/ass4/Adder.vhd" into library work
Parsing VHDL file "/home/lp2917/14.7/ISE_DS/ass4/bcd_adder.vhd" into library work
Parsing VHDL file "/home/lp2917/14.7/ISE_DS/ass4/bcd_adder_test_bench.vhd" into library work
Starting static elaboration
Completed static elaboration
Fuse Memory Usage: 83476 KB
Fuse CPU Usage: 1410 ms
Compiling package standard
Compiling package std_logic_1164
Compiling package adder
Compiling architecture behavioral of entity bcd_adder [bcd_adder_default]
Compiling architecture behavior of entity bcd_adder_test_bench
Time Resolution for simulation is 1ps.
Waiting for 1 sub-compilation(s) to finish...
Compiled 6 VHDL Units
Built simulation executable /home/lp2917/14.7/ISE_DS/ass4/bcd_adder_test_bench_isim_beh.exe
Fuse Memory Usage: 651208 KB
Fuse CPU Usage: 1440 ms
GCC CPU Usage: 380 ms
