Release 14.7 - xst P.20131013 (lin64)
Copyright (c) 1995-2013 Xilinx, Inc.  All rights reserved.
--> 
Parameter TMPDIR set to xst/projnav.tmp


Total REAL time to Xst completion: 3.00 secs
Total CPU time to Xst completion: 0.17 secs
 
--> 
Parameter xsthdpdir set to xst


Total REAL time to Xst completion: 3.00 secs
Total CPU time to Xst completion: 0.17 secs
 
--> 
Reading design: ass2_annex1.prj

TABLE OF CONTENTS
  1) Synthesis Options Summary
  2) HDL Parsing
  3) HDL Elaboration
  4) HDL Synthesis
       4.1) HDL Synthesis Report
  5) Advanced HDL Synthesis
       5.1) Advanced HDL Synthesis Report
  6) Low Level Synthesis
  7) Partition Report
  8) Design Summary
       8.1) Primitive and Black Box Usage
       8.2) Device utilization summary
       8.3) Partition Resource Summary
       8.4) Timing Report
            8.4.1) Clock Information
            8.4.2) Asynchronous Control Signals Information
            8.4.3) Timing Summary
            8.4.4) Timing Details
            8.4.5) Cross Clock Domains Report


=========================================================================
*                      Synthesis Options Summary                        *
=========================================================================
---- Source Parameters
Input File Name                    : "ass2_annex1.prj"
Ignore Synthesis Constraint File   : NO

---- Target Parameters
Output File Name                   : "ass2_annex1"
Output Format                      : NGC
Target Device                      : xc7a100t-3-csg324

---- Source Options
Top Module Name                    : ass2_annex1
Automatic FSM Extraction           : YES
FSM Encoding Algorithm             : Auto
Safe Implementation                : No
FSM Style                          : LUT
RAM Extraction                     : Yes
RAM Style                          : Auto
ROM Extraction                     : Yes
Shift Register Extraction          : YES
ROM Style                          : Auto
Resource Sharing                   : YES
Asynchronous To Synchronous        : NO
Shift Register Minimum Size        : 2
Use DSP Block                      : Auto
Automatic Register Balancing       : No

---- Target Options
LUT Combining                      : Auto
Reduce Control Sets                : Auto
Add IO Buffers                     : YES
Global Maximum Fanout              : 100000
Add Generic Clock Buffer(BUFG)     : 32
Register Duplication               : YES
Optimize Instantiated Primitives   : NO
Use Clock Enable                   : Auto
Use Synchronous Set                : Auto
Use Synchronous Reset              : Auto
Pack IO Registers into IOBs        : Auto
Equivalent register Removal        : YES

---- General Options
Optimization Goal                  : Speed
Optimization Effort                : 1
Power Reduction                    : NO
Keep Hierarchy                     : No
Netlist Hierarchy                  : As_Optimized
RTL Output                         : Yes
Global Optimization                : AllClockNets
Read Cores                         : YES
Write Timing Constraints           : NO
Cross Clock Analysis               : NO
Hierarchy Separator                : /
Bus Delimiter                      : <>
Case Specifier                     : Maintain
Slice Utilization Ratio            : 100
BRAM Utilization Ratio             : 100
DSP48 Utilization Ratio            : 100
Auto BRAM Packing                  : NO
Slice Utilization Ratio Delta      : 5

=========================================================================


=========================================================================
*                          HDL Parsing                                  *
=========================================================================
Parsing VHDL file "/home/lp2917/14.7/ISE_DS/ASS2/ass2_2ba.vhd" into library work
Parsing entity <ass2_2ba>.
Parsing architecture <Behavioral> of entity <ass2_2ba>.
Parsing VHDL file "/home/lp2917/14.7/ISE_DS/ASS2/ass2_annex1.vhd" into library work
Parsing entity <ass2_annex1>.
Parsing architecture <Behavioral> of entity <ass2_annex1>.

=========================================================================
*                            HDL Elaboration                            *
=========================================================================

Elaborating entity <ass2_annex1> (architecture <Behavioral>) from library <work>.

Elaborating entity <ass2_2ba> (architecture <Behavioral>) from library <work>.

=========================================================================
*                           HDL Synthesis                               *
=========================================================================

Synthesizing Unit <ass2_annex1>.
    Related source file is "/home/lp2917/14.7/ISE_DS/ASS2/ass2_annex1.vhd".
WARNING:Xst:737 - Found 1-bit latch for signal <PWR_6_o_Z_3_o_DLATCH_4_q>. Latches may be generated from incomplete case or if statements. We do not recommend the use of latches in FPGA/CPLD designs, as they may lead to timing problems.
WARNING:Xst:737 - Found 1-bit latch for signal <Y[3]_Z_3_o_DLATCH_3_q>. Latches may be generated from incomplete case or if statements. We do not recommend the use of latches in FPGA/CPLD designs, as they may lead to timing problems.
    Found 1-bit tristate buffer for signal <Y<3>> created at line 31
WARNING:Xst:737 - Found 1-bit latch for signal <Y[3]_Z_3_o_DLATCH_5_q>. Latches may be generated from incomplete case or if statements. We do not recommend the use of latches in FPGA/CPLD designs, as they may lead to timing problems.
    Found 1-bit tristate buffer for signal <Y<2>> created at line 31
WARNING:Xst:737 - Found 1-bit latch for signal <Y[3]_Z_3_o_DLATCH_7_q>. Latches may be generated from incomplete case or if statements. We do not recommend the use of latches in FPGA/CPLD designs, as they may lead to timing problems.
    Found 1-bit tristate buffer for signal <Y<1>> created at line 31
    Found 1-bit tristate buffer for signal <Y<0>> created at line 31
WARNING:Xst:737 - Found 1-bit latch for signal <Y[3]_Z_3_o_DLATCH_1_q>. Latches may be generated from incomplete case or if statements. We do not recommend the use of latches in FPGA/CPLD designs, as they may lead to timing problems.
    Summary:
	inferred   5 Latch(s).
	inferred   6 Multiplexer(s).
	inferred   4 Tristate(s).
Unit <ass2_annex1> synthesized.

Synthesizing Unit <ass2_2ba>.
    Related source file is "/home/lp2917/14.7/ISE_DS/ASS2/ass2_2ba.vhd".
    Found 1-bit tristate buffer for signal <Y<1>> created at line 12
    Found 1-bit tristate buffer for signal <Y<0>> created at line 12
    Summary:
	inferred   2 Multiplexer(s).
	inferred   2 Tristate(s).
Unit <ass2_2ba> synthesized.

=========================================================================
HDL Synthesis Report

Macro Statistics
# Latches                                              : 5
 1-bit latch                                           : 5
# Multiplexers                                         : 16
 1-bit 2-to-1 multiplexer                              : 16
# Tristates                                            : 14
 1-bit tristate buffer                                 : 14
# Xors                                                 : 10
 1-bit xor2                                            : 10

=========================================================================

=========================================================================
*                       Advanced HDL Synthesis                          *
=========================================================================


=========================================================================
Advanced HDL Synthesis Report

Macro Statistics
# Multiplexers                                         : 6
 1-bit 2-to-1 multiplexer                              : 6
# Xors                                                 : 10
 1-bit xor2                                            : 10

=========================================================================

=========================================================================
*                         Low Level Synthesis                           *
=========================================================================
WARNING:Xst:2042 - Unit ass2_2ba: 2 internal tristates are replaced by logic (pull-up yes): Y<0>, Y<1>.

Optimizing unit <ass2_annex1> ...

Optimizing unit <ass2_2ba> ...

Mapping all equations...
Building and optimizing final netlist ...
Found area constraint ratio of 100 (+ 5) on block ass2_annex1, actual ratio is 0.

Final Macro Processing ...

=========================================================================
Final Register Report

Found no macro
=========================================================================

=========================================================================
*                           Partition Report                            *
=========================================================================

Partition Implementation Status
-------------------------------

  No Partitions were found in this design.

-------------------------------

=========================================================================
*                            Design Summary                             *
=========================================================================

Top Level Output File Name         : ass2_annex1.ngc

Primitive and Black Box Usage:
------------------------------
# BELS                             : 23
#      INV                         : 1
#      LUT4                        : 15
#      LUT5                        : 2
#      LUT6                        : 4
#      VCC                         : 1
# FlipFlops/Latches                : 5
#      LDC                         : 5
# IO Buffers                       : 20
#      IBUF                        : 16
#      OBUFT                       : 4

Device utilization summary:
---------------------------

Selected Device : 7a100tcsg324-3 


Slice Logic Utilization: 
 Number of Slice Registers:               1  out of  126800     0%  
 Number of Slice LUTs:                   22  out of  63400     0%  
    Number used as Logic:                22  out of  63400     0%  

Slice Logic Distribution: 
 Number of LUT Flip Flop pairs used:     23
   Number with an unused Flip Flop:      22  out of     23    95%  
   Number with an unused LUT:             1  out of     23     4%  
   Number of fully used LUT-FF pairs:     0  out of     23     0%  
   Number of unique control sets:         1

IO Utilization: 
 Number of IOs:                          20
 Number of bonded IOBs:                  20  out of    210     9%  
    IOB Flip Flops/Latches:               4

Specific Feature Utilization:

---------------------------
Partition Resource Summary:
---------------------------

  No Partitions were found in this design.

---------------------------


=========================================================================
Timing Report

NOTE: THESE TIMING NUMBERS ARE ONLY A SYNTHESIS ESTIMATE.
      FOR ACCURATE TIMING INFORMATION PLEASE REFER TO THE TRACE REPORT
      GENERATED AFTER PLACE-and-ROUTE.

Clock Information:
------------------
------------------------------------------+----------------------------------+-------+
Clock Signal                              | Clock buffer(FF name)            | Load  |
------------------------------------------+----------------------------------+-------+
Z_3_o_Z_3_o_OR_26_o(Z_3_o_Z_3_o_OR_26_o:O)| NONE(*)(PWR_6_o_Z_3_o_DLATCH_4_q)| 5     |
------------------------------------------+----------------------------------+-------+
(*) This 1 clock signal(s) are generated by combinatorial logic,
and XST is not able to identify which are the primary clock signals.
Please use the CLOCK_SIGNAL constraint to specify the clock signal(s) generated by combinatorial logic.
INFO:Xst:2169 - HDL ADVISOR - Some clock signals were not automatically buffered by XST with BUFG/BUFR resources. Please use the buffer_type constraint in order to insert these buffers to the clock signals to help prevent skew problems.

Asynchronous Control Signals Information:
----------------------------------------
No asynchronous control signals found in this design

Timing Summary:
---------------
Speed Grade: -3

   Minimum period: No path found
   Minimum input arrival time before clock: 1.979ns
   Maximum output required time after clock: 1.158ns
   Maximum combinational path delay: No path found

Timing Details:
---------------
All values displayed in nanoseconds (ns)

=========================================================================
Timing constraint: Default OFFSET IN BEFORE for Clock 'Z_3_o_Z_3_o_OR_26_o'
  Total number of paths / destination ports: 168 / 9
-------------------------------------------------------------------------
Offset:              1.979ns (Levels of Logic = 3)
  Source:            X<10> (PAD)
  Destination:       PWR_6_o_Z_3_o_DLATCH_4_q (LATCH)
  Destination Clock: Z_3_o_Z_3_o_OR_26_o falling

  Data Path: X<10> to PWR_6_o_Z_3_o_DLATCH_4_q
                                Gate     Net
    Cell:in->out      fanout   Delay   Delay  Logical Name (Net Name)
    ----------------------------------------  ------------
     IBUF:I->O             4   0.001   0.570  X_10_IBUF (X_10_IBUF)
     LUT4:I0->O            3   0.097   0.566  p<2><10>1 (p<2>)
     LUT4:I0->O            5   0.097   0.298  n0014_inv1 (n0014_inv)
     LDC:CLR                   0.349          PWR_6_o_Z_3_o_DLATCH_4_q
    ----------------------------------------
    Total                      1.979ns (0.544ns logic, 1.435ns route)
                                       (27.5% logic, 72.5% route)

=========================================================================
Timing constraint: Default OFFSET OUT AFTER for Clock 'Z_3_o_Z_3_o_OR_26_o'
  Total number of paths / destination ports: 8 / 4
-------------------------------------------------------------------------
Offset:              1.158ns (Levels of Logic = 2)
  Source:            PWR_6_o_Z_3_o_DLATCH_4_q (LATCH)
  Destination:       Y<3> (PAD)
  Source Clock:      Z_3_o_Z_3_o_OR_26_o falling

  Data Path: PWR_6_o_Z_3_o_DLATCH_4_q to Y<3>
                                Gate     Net
    Cell:in->out      fanout   Delay   Delay  Logical Name (Net Name)
    ----------------------------------------  ------------
     LDC:G->Q              1   0.472   0.279  PWR_6_o_Z_3_o_DLATCH_4_q (PWR_6_o_Z_3_o_DLATCH_4_q)
     INV:I->O              4   0.113   0.293  PWR_6_o_Z_3_o_DLATCH_4_q_inv1_INV_0 (PWR_6_o_Z_3_o_DLATCH_4_q_inv)
     OBUFT:T->O                0.000          Y_3_OBUFT (Y<3>)
    ----------------------------------------
    Total                      1.158ns (0.585ns logic, 0.573ns route)
                                       (50.5% logic, 49.5% route)

=========================================================================

Cross Clock Domains Report:
--------------------------

=========================================================================


Total REAL time to Xst completion: 21.00 secs
Total CPU time to Xst completion: 9.03 secs
 
--> 


Total memory usage is 486460 kilobytes

Number of errors   :    0 (   0 filtered)
Number of warnings :    6 (   0 filtered)
Number of infos    :    1 (   0 filtered)

