Running: /home/lp2917/14.7/ISE_DS/ISE/bin/lin64/unwrapped/fuse -intstyle ise -incremental -lib secureip -o /home/lp2917/14.7/ISE_DS/ASS2/ass2_annex1_test_bench_isim_beh.exe -prj /home/lp2917/14.7/ISE_DS/ASS2/ass2_annex1_test_bench_beh.prj work.ass2_annex1_test_bench 
ISim P.20131013 (signature 0xfbc00daa)
Number of CPUs detected in this system: 4
Turning on mult-threading, number of parallel sub-compilation jobs: 8 
Determining compilation order of HDL files
Parsing VHDL file "/home/lp2917/14.7/ISE_DS/ASS2/ass2_2ba.vhd" into library work
Parsing VHDL file "/home/lp2917/14.7/ISE_DS/ASS2/ass2_annex1.vhd" into library work
Parsing VHDL file "/home/lp2917/14.7/ISE_DS/ASS2/ass2_annex1_test_bench.vhd" into library work
Starting static elaboration
Completed static elaboration
Fuse Memory Usage: 83320 KB
Fuse CPU Usage: 1610 ms
Compiling package standard
Compiling package std_logic_1164
Compiling architecture behavioral of entity ass2_2ba [ass2_2ba_default]
Compiling architecture behavioral of entity ass2_annex1 [ass2_annex1_default]
Compiling architecture behavior of entity ass2_annex1_test_bench
Time Resolution for simulation is 1ps.
Compiled 7 VHDL Units
Built simulation executable /home/lp2917/14.7/ISE_DS/ASS2/ass2_annex1_test_bench_isim_beh.exe
Fuse Memory Usage: 649104 KB
Fuse CPU Usage: 1700 ms
GCC CPU Usage: 1190 ms
